# JRE version: OpenJDK Runtime Environment (8.0_152-b06) (build 1.8.0_152-release-1136-b06)
# Java VM: OpenJDK 64-Bit Server VM (25.152-b06 mixed mode windows-amd64 compressed oops)
Heap:
 PSYoungGen      total 480256K, used 281077K [0x00000000e0000000, 0x0000000100000000, 0x0000000100000000)
  eden space 439808K, 63% used [0x00000000e0000000,0x00000000f12657a8,0x00000000fad80000)
  from space 40448K, 0% used [0x00000000fd480000,0x00000000fd498000,0x00000000ffc00000)
  to   space 39936K, 0% used [0x00000000fad80000,0x00000000fad80000,0x00000000fd480000)
 ParOldGen       total 303104K, used 203725K [0x00000000a0000000, 0x00000000b2800000, 0x00000000e0000000)
  object space 303104K, 67% used [0x00000000a0000000,0x00000000ac6f3550,0x00000000b2800000)
 Metaspace       used 112651K, capacity 120170K, committed 120280K, reserved 1155072K
  class space    used 13866K, capacity 15345K, committed 15360K, reserved 1048576K
GC Heap History (10 events):
Event: 3434.306 GC heap before
{Heap before GC invocations=72 (full 6):
 PSYoungGen      total 474112K, used 447128K [0x00000000e0000000, 0x00000000ffd80000, 0x0000000100000000)
  eden space 428544K, 99% used [0x00000000e0000000,0x00000000fa1e9628,0x00000000fa280000)
  from space 45568K, 42% used [0x00000000fa280000,0x00000000fb53cc78,0x00000000fcf00000)
  to   space 44544K, 0% used [0x00000000fd200000,0x00000000fd200000,0x00000000ffd80000)
 ParOldGen       total 303104K, used 167060K [0x00000000a0000000, 0x00000000b2800000, 0x00000000e0000000)
  object space 303104K, 55% used [0x00000000a0000000,0x00000000aa325068,0x00000000b2800000)
 Metaspace       used 111124K, capacity 117330K, committed 117592K, reserved 1153024K
  class space    used 13655K, capacity 14957K, committed 14976K, reserved 1048576K
Event: 3434.323 GC heap after
Heap after GC invocations=72 (full 6):
 PSYoungGen      total 476160K, used 7165K [0x00000000e0000000, 0x00000000ffb00000, 0x0000000100000000)
  eden space 434176K, 0% used [0x00000000e0000000,0x00000000e0000000,0x00000000fa800000)
  from space 41984K, 17% used [0x00000000fd200000,0x00000000fd8ff5e0,0x00000000ffb00000)
  to   space 42496K, 0% used [0x00000000fa800000,0x00000000fa800000,0x00000000fd180000)
 ParOldGen       total 303104K, used 176802K [0x00000000a0000000, 0x00000000b2800000, 0x00000000e0000000)
  object space 303104K, 58% used [0x00000000a0000000,0x00000000aaca8b68,0x00000000b2800000)
 Metaspace       used 111124K, capacity 117330K, committed 117592K, reserved 1153024K
  class space    used 13655K, capacity 14957K, committed 14976K, reserved 1048576K
}
Event: 8894.474 GC heap before
{Heap before GC invocations=73 (full 6):
 PSYoungGen      total 476160K, used 441341K [0x00000000e0000000, 0x00000000ffb00000, 0x0000000100000000)
  eden space 434176K, 100% used [0x00000000e0000000,0x00000000fa800000,0x00000000fa800000)
  from space 41984K, 17% used [0x00000000fd200000,0x00000000fd8ff5e0,0x00000000ffb00000)
  to   space 42496K, 0% used [0x00000000fa800000,0x00000000fa800000,0x00000000fd180000)
 ParOldGen       total 303104K, used 176802K [0x00000000a0000000, 0x00000000b2800000, 0x00000000e0000000)
  object space 303104K, 58% used [0x00000000a0000000,0x00000000aaca8b68,0x00000000b2800000)
 Metaspace       used 111175K, capacity 117426K, committed 117720K, reserved 1153024K
  class space    used 13663K, capacity 14973K, committed 15104K, reserved 1048576K
Event: 8894.482 GC heap after
Heap after GC invocations=73 (full 6):
 PSYoungGen      total 476672K, used 1664K [0x00000000e0000000, 0x00000000fff80000, 0x0000000100000000)
  eden space 434176K, 0% used [0x00000000e0000000,0x00000000e0000000,0x00000000fa800000)
  from space 42496K, 3% used [0x00000000fa800000,0x00000000fa9a0000,0x00000000fd180000)
  to   space 41984K, 0% used [0x00000000fd680000,0x00000000fd680000,0x00000000fff80000)
 ParOldGen       total 303104K, used 177462K [0x00000000a0000000, 0x00000000b2800000, 0x00000000e0000000)
  object space 303104K, 58% used [0x00000000a0000000,0x00000000aad4dbc8,0x00000000b2800000)
 Metaspace       used 111175K, capacity 117426K, committed 117720K, reserved 1153024K
  class space    used 13663K, capacity 14973K, committed 15104K, reserved 1048576K
}
Event: 9067.087 GC heap before
{Heap before GC invocations=74 (full 6):
 PSYoungGen      total 476672K, used 435840K [0x00000000e0000000, 0x00000000fff80000, 0x0000000100000000)
  eden space 434176K, 100% used [0x00000000e0000000,0x00000000fa800000,0x00000000fa800000)
  from space 42496K, 3% used [0x00000000fa800000,0x00000000fa9a0000,0x00000000fd180000)
  to   space 41984K, 0% used [0x00000000fd680000,0x00000000fd680000,0x00000000fff80000)
 ParOldGen       total 303104K, used 177462K [0x00000000a0000000, 0x00000000b2800000, 0x00000000e0000000)
  object space 303104K, 58% used [0x00000000a0000000,0x00000000aad4dbc8,0x00000000b2800000)
 Metaspace       used 112558K, capacity 120022K, committed 120280K, reserved 1155072K
  class space    used 13863K, capacity 15341K, committed 15360K, reserved 1048576K
Event: 9067.120 GC heap after
Heap after GC invocations=74 (full 6):
 PSYoungGen      total 480256K, used 22699K [0x00000000e0000000, 0x0000000100000000, 0x0000000100000000)
  eden space 438272K, 0% used [0x00000000e0000000,0x00000000e0000000,0x00000000fac00000)
  from space 41984K, 54% used [0x00000000fd680000,0x00000000fecaae98,0x00000000fff80000)
  to   space 43008K, 0% used [0x00000000fac00000,0x00000000fac00000,0x00000000fd600000)
 ParOldGen       total 303104K, used 178350K [0x00000000a0000000, 0x00000000b2800000, 0x00000000e0000000)
  object space 303104K, 58% used [0x00000000a0000000,0x00000000aae2b850,0x00000000b2800000)
 Metaspace       used 112558K, capacity 120022K, committed 120280K, reserved 1155072K
  class space    used 13863K, capacity 15341K, committed 15360K, reserved 1048576K
}
Event: 9073.056 GC heap before
{Heap before GC invocations=75 (full 6):
 PSYoungGen      total 480256K, used 460640K [0x00000000e0000000, 0x0000000100000000, 0x0000000100000000)
  eden space 438272K, 99% used [0x00000000e0000000,0x00000000fabad300,0x00000000fac00000)
  from space 41984K, 54% used [0x00000000fd680000,0x00000000fecaae98,0x00000000fff80000)
  to   space 43008K, 0% used [0x00000000fac00000,0x00000000fac00000,0x00000000fd600000)
 ParOldGen       total 303104K, used 178350K [0x00000000a0000000, 0x00000000b2800000, 0x00000000e0000000)
  object space 303104K, 58% used [0x00000000a0000000,0x00000000aae2b850,0x00000000b2800000)
 Metaspace       used 112601K, capacity 120086K, committed 120280K, reserved 1155072K
  class space    used 13863K, capacity 15341K, committed 15360K, reserved 1048576K
Event: 9073.097 GC heap after
Heap after GC invocations=75 (full 6):
 PSYoungGen      total 450048K, used 11440K [0x00000000e0000000, 0x00000000ffc00000, 0x0000000100000000)
  eden space 438272K, 0% used [0x00000000e0000000,0x00000000e0000000,0x00000000fac00000)
  from space 11776K, 97% used [0x00000000fac00000,0x00000000fb72c020,0x00000000fb780000)
  to   space 40448K, 0% used [0x00000000fd480000,0x00000000fd480000,0x00000000ffc00000)
 ParOldGen       total 303104K, used 198543K [0x00000000a0000000, 0x00000000b2800000, 0x00000000e0000000)
  object space 303104K, 65% used [0x00000000a0000000,0x00000000ac1e3c78,0x00000000b2800000)
 Metaspace       used 112601K, capacity 120086K, committed 120280K, reserved 1155072K
  class space    used 13863K, capacity 15341K, committed 15360K, reserved 1048576K
}
Event: 9073.148 GC heap before
{Heap before GC invocations=76 (full 6):
 PSYoungGen      total 450048K, used 449503K [0x00000000e0000000, 0x00000000ffc00000, 0x0000000100000000)
  eden space 438272K, 99% used [0x00000000e0000000,0x00000000fabcbc38,0x00000000fac00000)
  from space 11776K, 97% used [0x00000000fac00000,0x00000000fb72c020,0x00000000fb780000)
  to   space 40448K, 0% used [0x00000000fd480000,0x00000000fd480000,0x00000000ffc00000)
 ParOldGen       total 303104K, used 198543K [0x00000000a0000000, 0x00000000b2800000, 0x00000000e0000000)
  object space 303104K, 65% used [0x00000000a0000000,0x00000000ac1e3c78,0x00000000b2800000)
 Metaspace       used 112601K, capacity 120086K, committed 120280K, reserved 1155072K
  class space    used 13863K, capacity 15341K, committed 15360K, reserved 1048576K
Event: 9073.155 GC heap after
Heap after GC invocations=76 (full 6):
 PSYoungGen      total 480256K, used 96K [0x00000000e0000000, 0x0000000100000000, 0x0000000100000000)
  eden space 439808K, 0% used [0x00000000e0000000,0x00000000e0000000,0x00000000fad80000)
  from space 40448K, 0% used [0x00000000fd480000,0x00000000fd498000,0x00000000ffc00000)
  to   space 39936K, 0% used [0x00000000fad80000,0x00000000fad80000,0x00000000fd480000)
 ParOldGen       total 303104K, used 203725K [0x00000000a0000000, 0x00000000b2800000, 0x00000000e0000000)
  object space 303104K, 67% used [0x00000000a0000000,0x00000000ac6f3550,0x00000000b2800000)
 Metaspace       used 112601K, capacity 120086K, committed 120280K, reserved 1155072K
  class space    used 13863K, capacity 15341K, committed 15360K, reserved 1048576K
}

